<?xml version="1.0" encoding="UTF-8"?>
<testsuite xmlns:xsi="http://www.w3.org/2001/XMLSchema-instance" xsi:noNamespaceSchemaLocation="https://maven.apache.org/surefire/maven-surefire-plugin/xsd/surefire-test-report.xsd" name="com.example.msnotification.MsNotificationApplicationTests" time="9.142" tests="1" errors="0" skipped="0" failures="0">
  <properties>
    <property name="java.specification.version" value="17"/>
    <property name="sun.jnu.encoding" value="UTF-8"/>
    <property name="java.class.path" value="/home/madd47emz/wathaequi/ms-notification/target/test-classes:/home/madd47emz/wathaequi/ms-notification/target/classes:/home/madd47emz/.m2/repository/org/springframework/boot/spring-boot-starter-actuator/2.7.11/spring-boot-starter-actuator-2.7.11.jar:/home/madd47emz/.m2/repository/org/springframework/boot/spring-boot-starter/2.7.11/spring-boot-starter-2.7.11.jar:/home/madd47emz/.m2/repository/org/springframework/boot/spring-boot/2.7.11/spring-boot-2.7.11.jar:/home/madd47emz/.m2/repository/org/springframework/boot/spring-boot-autoconfigure/2.7.11/spring-boot-autoconfigure-2.7.11.jar:/home/madd47emz/.m2/repository/org/springframework/boot/spring-boot-starter-logging/2.7.11/spring-boot-starter-logging-2.7.11.jar:/home/madd47emz/.m2/repository/ch/qos/logback/logback-classic/1.2.12/logback-classic-1.2.12.jar:/home/madd47emz/.m2/repository/ch/qos/logback/logback-core/1.2.12/logback-core-1.2.12.jar:/home/madd47emz/.m2/repository/org/apache/logging/log4j/log4j-to-slf4j/2.17.2/log4j-to-slf4j-2.17.2.jar:/home/madd47emz/.m2/repository/org/apache/logging/log4j/log4j-api/2.17.2/log4j-api-2.17.2.jar:/home/madd47emz/.m2/repository/org/slf4j/jul-to-slf4j/1.7.36/jul-to-slf4j-1.7.36.jar:/home/madd47emz/.m2/repository/jakarta/annotation/jakarta.annotation-api/1.3.5/jakarta.annotation-api-1.3.5.jar:/home/madd47emz/.m2/repository/org/yaml/snakeyaml/1.30/snakeyaml-1.30.jar:/home/madd47emz/.m2/repository/org/springframework/boot/spring-boot-actuator-autoconfigure/2.7.11/spring-boot-actuator-autoconfigure-2.7.11.jar:/home/madd47emz/.m2/repository/org/springframework/boot/spring-boot-actuator/2.7.11/spring-boot-actuator-2.7.11.jar:/home/madd47emz/.m2/repository/com/fasterxml/jackson/datatype/jackson-datatype-jsr310/2.13.5/jackson-datatype-jsr310-2.13.5.jar:/home/madd47emz/.m2/repository/io/micrometer/micrometer-core/1.9.10/micrometer-core-1.9.10.jar:/home/madd47emz/.m2/repository/org/hdrhistogram/HdrHistogram/2.1.12/HdrHistogram-2.1.12.jar:/home/madd47emz/.m2/repository/org/latencyutils/LatencyUtils/2.0.3/LatencyUtils-2.0.3.jar:/home/madd47emz/.m2/repository/org/springframework/boot/spring-boot-starter-data-rest/2.7.11/spring-boot-starter-data-rest-2.7.11.jar:/home/madd47emz/.m2/repository/org/springframework/data/spring-data-rest-webmvc/3.7.11/spring-data-rest-webmvc-3.7.11.jar:/home/madd47emz/.m2/repository/org/springframework/data/spring-data-rest-core/3.7.11/spring-data-rest-core-3.7.11.jar:/home/madd47emz/.m2/repository/org/springframework/hateoas/spring-hateoas/1.5.4/spring-hateoas-1.5.4.jar:/home/madd47emz/.m2/repository/org/springframework/plugin/spring-plugin-core/2.0.0.RELEASE/spring-plugin-core-2.0.0.RELEASE.jar:/home/madd47emz/.m2/repository/org/atteo/evo-inflector/1.3/evo-inflector-1.3.jar:/home/madd47emz/.m2/repository/org/slf4j/slf4j-api/1.7.36/slf4j-api-1.7.36.jar:/home/madd47emz/.m2/repository/org/springframework/boot/spring-boot-starter-web/2.7.11/spring-boot-starter-web-2.7.11.jar:/home/madd47emz/.m2/repository/org/springframework/boot/spring-boot-starter-json/2.7.11/spring-boot-starter-json-2.7.11.jar:/home/madd47emz/.m2/repository/com/fasterxml/jackson/datatype/jackson-datatype-jdk8/2.13.5/jackson-datatype-jdk8-2.13.5.jar:/home/madd47emz/.m2/repository/com/fasterxml/jackson/module/jackson-module-parameter-names/2.13.5/jackson-module-parameter-names-2.13.5.jar:/home/madd47emz/.m2/repository/org/springframework/boot/spring-boot-starter-tomcat/2.7.11/spring-boot-starter-tomcat-2.7.11.jar:/home/madd47emz/.m2/repository/org/apache/tomcat/embed/tomcat-embed-core/9.0.74/tomcat-embed-core-9.0.74.jar:/home/madd47emz/.m2/repository/org/apache/tomcat/embed/tomcat-embed-el/9.0.74/tomcat-embed-el-9.0.74.jar:/home/madd47emz/.m2/repository/org/apache/tomcat/embed/tomcat-embed-websocket/9.0.74/tomcat-embed-websocket-9.0.74.jar:/home/madd47emz/.m2/repository/org/springframework/spring-web/5.3.27/spring-web-5.3.27.jar:/home/madd47emz/.m2/repository/org/springframework/spring-webmvc/5.3.27/spring-webmvc-5.3.27.jar:/home/madd47emz/.m2/repository/org/springframework/cloud/spring-cloud-starter-config/3.1.6/spring-cloud-starter-config-3.1.6.jar:/home/madd47emz/.m2/repository/org/springframework/cloud/spring-cloud-starter/3.1.6/spring-cloud-starter-3.1.6.jar:/home/madd47emz/.m2/repository/org/springframework/cloud/spring-cloud-context/3.1.6/spring-cloud-context-3.1.6.jar:/home/madd47emz/.m2/repository/org/springframework/security/spring-security-rsa/1.0.11.RELEASE/spring-security-rsa-1.0.11.RELEASE.jar:/home/madd47emz/.m2/repository/org/bouncycastle/bcpkix-jdk15on/1.69/bcpkix-jdk15on-1.69.jar:/home/madd47emz/.m2/repository/org/bouncycastle/bcprov-jdk15on/1.69/bcprov-jdk15on-1.69.jar:/home/madd47emz/.m2/repository/org/bouncycastle/bcutil-jdk15on/1.69/bcutil-jdk15on-1.69.jar:/home/madd47emz/.m2/repository/org/springframework/cloud/spring-cloud-config-client/3.1.6/spring-cloud-config-client-3.1.6.jar:/home/madd47emz/.m2/repository/com/fasterxml/jackson/core/jackson-databind/2.13.5/jackson-databind-2.13.5.jar:/home/madd47emz/.m2/repository/org/springframework/cloud/spring-cloud-starter-loadbalancer/3.1.6/spring-cloud-starter-loadbalancer-3.1.6.jar:/home/madd47emz/.m2/repository/org/springframework/cloud/spring-cloud-loadbalancer/3.1.6/spring-cloud-loadbalancer-3.1.6.jar:/home/madd47emz/.m2/repository/io/projectreactor/addons/reactor-extra/3.4.10/reactor-extra-3.4.10.jar:/home/madd47emz/.m2/repository/org/springframework/boot/spring-boot-starter-cache/2.7.11/spring-boot-starter-cache-2.7.11.jar:/home/madd47emz/.m2/repository/org/springframework/spring-context-support/5.3.27/spring-context-support-5.3.27.jar:/home/madd47emz/.m2/repository/com/stoyanr/evictor/1.0.0/evictor-1.0.0.jar:/home/madd47emz/.m2/repository/org/springframework/cloud/spring-cloud-starter-openfeign/3.1.6/spring-cloud-starter-openfeign-3.1.6.jar:/home/madd47emz/.m2/repository/org/springframework/cloud/spring-cloud-openfeign-core/3.1.6/spring-cloud-openfeign-core-3.1.6.jar:/home/madd47emz/.m2/repository/io/github/openfeign/form/feign-form-spring/3.8.0/feign-form-spring-3.8.0.jar:/home/madd47emz/.m2/repository/io/github/openfeign/form/feign-form/3.8.0/feign-form-3.8.0.jar:/home/madd47emz/.m2/repository/commons-fileupload/commons-fileupload/1.4/commons-fileupload-1.4.jar:/home/madd47emz/.m2/repository/org/springframework/cloud/spring-cloud-commons/3.1.6/spring-cloud-commons-3.1.6.jar:/home/madd47emz/.m2/repository/io/github/openfeign/feign-core/11.10/feign-core-11.10.jar:/home/madd47emz/.m2/repository/io/github/openfeign/feign-slf4j/11.10/feign-slf4j-11.10.jar:/home/madd47emz/.m2/repository/org/springframework/security/spring-security-core/5.7.8/spring-security-core-5.7.8.jar:/home/madd47emz/.m2/repository/org/springframework/security/spring-security-crypto/5.7.8/spring-security-crypto-5.7.8.jar:/home/madd47emz/.m2/repository/org/springframework/spring-aop/5.3.27/spring-aop-5.3.27.jar:/home/madd47emz/.m2/repository/org/springframework/spring-beans/5.3.27/spring-beans-5.3.27.jar:/home/madd47emz/.m2/repository/org/springframework/spring-context/5.3.27/spring-context-5.3.27.jar:/home/madd47emz/.m2/repository/org/springframework/spring-core/5.3.27/spring-core-5.3.27.jar:/home/madd47emz/.m2/repository/org/springframework/spring-jcl/5.3.27/spring-jcl-5.3.27.jar:/home/madd47emz/.m2/repository/org/springframework/spring-expression/5.3.27/spring-expression-5.3.27.jar:/home/madd47emz/.m2/repository/org/springframework/cloud/spring-cloud-starter-netflix-eureka-client/3.1.5/spring-cloud-starter-netflix-eureka-client-3.1.5.jar:/home/madd47emz/.m2/repository/org/springframework/cloud/spring-cloud-netflix-eureka-client/3.1.5/spring-cloud-netflix-eureka-client-3.1.5.jar:/home/madd47emz/.m2/repository/com/netflix/eureka/eureka-client/1.10.17/eureka-client-1.10.17.jar:/home/madd47emz/.m2/repository/com/netflix/netflix-commons/netflix-eventbus/0.3.0/netflix-eventbus-0.3.0.jar:/home/madd47emz/.m2/repository/com/netflix/netflix-commons/netflix-infix/0.3.0/netflix-infix-0.3.0.jar:/home/madd47emz/.m2/repository/commons-jxpath/commons-jxpath/1.3/commons-jxpath-1.3.jar:/home/madd47emz/.m2/repository/org/antlr/antlr-runtime/3.4/antlr-runtime-3.4.jar:/home/madd47emz/.m2/repository/org/antlr/stringtemplate/3.2.1/stringtemplate-3.2.1.jar:/home/madd47emz/.m2/repository/com/google/code/gson/gson/2.9.1/gson-2.9.1.jar:/home/madd47emz/.m2/repository/org/apache/commons/commons-math/2.2/commons-math-2.2.jar:/home/madd47emz/.m2/repository/com/thoughtworks/xstream/xstream/1.4.18/xstream-1.4.18.jar:/home/madd47emz/.m2/repository/io/github/x-stream/mxparser/1.2.2/mxparser-1.2.2.jar:/home/madd47emz/.m2/repository/xmlpull/xmlpull/1.1.3.1/xmlpull-1.1.3.1.jar:/home/madd47emz/.m2/repository/javax/ws/rs/jsr311-api/1.1.1/jsr311-api-1.1.1.jar:/home/madd47emz/.m2/repository/com/netflix/servo/servo-core/0.12.21/servo-core-0.12.21.jar:/home/madd47emz/.m2/repository/commons-configuration/commons-configuration/1.10/commons-configuration-1.10.jar:/home/madd47emz/.m2/repository/commons-lang/commons-lang/2.6/commons-lang-2.6.jar:/home/madd47emz/.m2/repository/com/google/inject/guice/4.1.0/guice-4.1.0.jar:/home/madd47emz/.m2/repository/javax/inject/javax.inject/1/javax.inject-1.jar:/home/madd47emz/.m2/repository/org/codehaus/jettison/jettison/1.4.0/jettison-1.4.0.jar:/home/madd47emz/.m2/repository/com/netflix/eureka/eureka-core/1.10.17/eureka-core-1.10.17.jar:/home/madd47emz/.m2/repository/com/fasterxml/woodstox/woodstox-core/6.2.1/woodstox-core-6.2.1.jar:/home/madd47emz/.m2/repository/org/codehaus/woodstox/stax2-api/4.2.1/stax2-api-4.2.1.jar:/home/madd47emz/.m2/repository/io/jsonwebtoken/jjwt/0.9.1/jjwt-0.9.1.jar:/home/madd47emz/.m2/repository/org/springframework/spring-webflux/5.3.27/spring-webflux-5.3.27.jar:/home/madd47emz/.m2/repository/io/projectreactor/reactor-core/3.4.29/reactor-core-3.4.29.jar:/home/madd47emz/.m2/repository/org/reactivestreams/reactive-streams/1.0.4/reactive-streams-1.0.4.jar:/home/madd47emz/.m2/repository/com/twilio/sdk/twilio/7.20.0/twilio-7.20.0.jar:/home/madd47emz/.m2/repository/com/google/guava/guava/18.0/guava-18.0.jar:/home/madd47emz/.m2/repository/joda-time/joda-time/2.5/joda-time-2.5.jar:/home/madd47emz/.m2/repository/org/apache/httpcomponents/httpclient/4.5.14/httpclient-4.5.14.jar:/home/madd47emz/.m2/repository/commons-codec/commons-codec/1.15/commons-codec-1.15.jar:/home/madd47emz/.m2/repository/org/apache/httpcomponents/httpcore/4.4.16/httpcore-4.4.16.jar:/home/madd47emz/.m2/repository/com/fasterxml/jackson/core/jackson-core/2.13.5/jackson-core-2.13.5.jar:/home/madd47emz/.m2/repository/com/fasterxml/jackson/core/jackson-annotations/2.13.5/jackson-annotations-2.13.5.jar:/home/madd47emz/.m2/repository/javax/xml/bind/jaxb-api/2.3.1/jaxb-api-2.3.1.jar:/home/madd47emz/.m2/repository/javax/activation/javax.activation-api/1.2.0/javax.activation-api-1.2.0.jar:/home/madd47emz/.m2/repository/com/mysql/mysql-connector-j/8.0.33/mysql-connector-j-8.0.33.jar:/home/madd47emz/.m2/repository/org/projectlombok/lombok/1.18.26/lombok-1.18.26.jar:/home/madd47emz/.m2/repository/com/h2database/h2/2.1.214/h2-2.1.214.jar:/home/madd47emz/.m2/repository/org/springframework/boot/spring-boot-starter-test/2.7.11/spring-boot-starter-test-2.7.11.jar:/home/madd47emz/.m2/repository/org/springframework/boot/spring-boot-test/2.7.11/spring-boot-test-2.7.11.jar:/home/madd47emz/.m2/repository/org/springframework/boot/spring-boot-test-autoconfigure/2.7.11/spring-boot-test-autoconfigure-2.7.11.jar:/home/madd47emz/.m2/repository/com/jayway/jsonpath/json-path/2.7.0/json-path-2.7.0.jar:/home/madd47emz/.m2/repository/net/minidev/json-smart/2.4.10/json-smart-2.4.10.jar:/home/madd47emz/.m2/repository/net/minidev/accessors-smart/2.4.9/accessors-smart-2.4.9.jar:/home/madd47emz/.m2/repository/org/ow2/asm/asm/9.3/asm-9.3.jar:/home/madd47emz/.m2/repository/jakarta/xml/bind/jakarta.xml.bind-api/2.3.3/jakarta.xml.bind-api-2.3.3.jar:/home/madd47emz/.m2/repository/jakarta/activation/jakarta.activation-api/1.2.2/jakarta.activation-api-1.2.2.jar:/home/madd47emz/.m2/repository/org/assertj/assertj-core/3.22.0/assertj-core-3.22.0.jar:/home/madd47emz/.m2/repository/org/hamcrest/hamcrest/2.2/hamcrest-2.2.jar:/home/madd47emz/.m2/repository/org/junit/jupiter/junit-jupiter/5.8.2/junit-jupiter-5.8.2.jar:/home/madd47emz/.m2/repository/org/junit/jupiter/junit-jupiter-api/5.8.2/junit-jupiter-api-5.8.2.jar:/home/madd47emz/.m2/repository/org/opentest4j/opentest4j/1.2.0/opentest4j-1.2.0.jar:/home/madd47emz/.m2/repository/org/junit/platform/junit-platform-commons/1.8.2/junit-platform-commons-1.8.2.jar:/home/madd47emz/.m2/repository/org/apiguardian/apiguardian-api/1.1.2/apiguardian-api-1.1.2.jar:/home/madd47emz/.m2/repository/org/junit/jupiter/junit-jupiter-params/5.8.2/junit-jupiter-params-5.8.2.jar:/home/madd47emz/.m2/repository/org/junit/jupiter/junit-jupiter-engine/5.8.2/junit-jupiter-engine-5.8.2.jar:/home/madd47emz/.m2/repository/org/junit/platform/junit-platform-engine/1.8.2/junit-platform-engine-1.8.2.jar:/home/madd47emz/.m2/repository/org/mockito/mockito-core/4.5.1/mockito-core-4.5.1.jar:/home/madd47emz/.m2/repository/net/bytebuddy/byte-buddy/1.12.23/byte-buddy-1.12.23.jar:/home/madd47emz/.m2/repository/net/bytebuddy/byte-buddy-agent/1.12.23/byte-buddy-agent-1.12.23.jar:/home/madd47emz/.m2/repository/org/objenesis/objenesis/3.2/objenesis-3.2.jar:/home/madd47emz/.m2/repository/org/mockito/mockito-junit-jupiter/4.5.1/mockito-junit-jupiter-4.5.1.jar:/home/madd47emz/.m2/repository/org/skyscreamer/jsonassert/1.5.1/jsonassert-1.5.1.jar:/home/madd47emz/.m2/repository/com/vaadin/external/google/android-json/0.0.20131108.vaadin1/android-json-0.0.20131108.vaadin1.jar:/home/madd47emz/.m2/repository/org/springframework/spring-test/5.3.27/spring-test-5.3.27.jar:/home/madd47emz/.m2/repository/org/xmlunit/xmlunit-core/2.9.1/xmlunit-core-2.9.1.jar:/home/madd47emz/.m2/repository/org/springframework/boot/spring-boot-starter-data-jpa/2.7.11/spring-boot-starter-data-jpa-2.7.11.jar:/home/madd47emz/.m2/repository/org/springframework/boot/spring-boot-starter-aop/2.7.11/spring-boot-starter-aop-2.7.11.jar:/home/madd47emz/.m2/repository/org/aspectj/aspectjweaver/1.9.7/aspectjweaver-1.9.7.jar:/home/madd47emz/.m2/repository/org/springframework/boot/spring-boot-starter-jdbc/2.7.11/spring-boot-starter-jdbc-2.7.11.jar:/home/madd47emz/.m2/repository/com/zaxxer/HikariCP/4.0.3/HikariCP-4.0.3.jar:/home/madd47emz/.m2/repository/org/springframework/spring-jdbc/5.3.27/spring-jdbc-5.3.27.jar:/home/madd47emz/.m2/repository/jakarta/transaction/jakarta.transaction-api/1.3.3/jakarta.transaction-api-1.3.3.jar:/home/madd47emz/.m2/repository/jakarta/persistence/jakarta.persistence-api/2.2.3/jakarta.persistence-api-2.2.3.jar:/home/madd47emz/.m2/repository/org/hibernate/hibernate-core/5.6.15.Final/hibernate-core-5.6.15.Final.jar:/home/madd47emz/.m2/repository/org/jboss/logging/jboss-logging/3.4.3.Final/jboss-logging-3.4.3.Final.jar:/home/madd47emz/.m2/repository/antlr/antlr/2.7.7/antlr-2.7.7.jar:/home/madd47emz/.m2/repository/org/jboss/jandex/2.4.2.Final/jandex-2.4.2.Final.jar:/home/madd47emz/.m2/repository/com/fasterxml/classmate/1.5.1/classmate-1.5.1.jar:/home/madd47emz/.m2/repository/org/hibernate/common/hibernate-commons-annotations/5.1.2.Final/hibernate-commons-annotations-5.1.2.Final.jar:/home/madd47emz/.m2/repository/org/glassfish/jaxb/jaxb-runtime/2.3.8/jaxb-runtime-2.3.8.jar:/home/madd47emz/.m2/repository/org/glassfish/jaxb/txw2/2.3.8/txw2-2.3.8.jar:/home/madd47emz/.m2/repository/com/sun/istack/istack-commons-runtime/3.0.12/istack-commons-runtime-3.0.12.jar:/home/madd47emz/.m2/repository/com/sun/activation/jakarta.activation/1.2.2/jakarta.activation-1.2.2.jar:/home/madd47emz/.m2/repository/org/springframework/data/spring-data-jpa/2.7.11/spring-data-jpa-2.7.11.jar:/home/madd47emz/.m2/repository/org/springframework/data/spring-data-commons/2.7.11/spring-data-commons-2.7.11.jar:/home/madd47emz/.m2/repository/org/springframework/spring-orm/5.3.27/spring-orm-5.3.27.jar:/home/madd47emz/.m2/repository/org/springframework/spring-tx/5.3.27/spring-tx-5.3.27.jar:/home/madd47emz/.m2/repository/org/springframework/spring-aspects/5.3.27/spring-aspects-5.3.27.jar:/home/madd47emz/.m2/repository/org/springframework/boot/spring-boot-starter-security/2.7.11/spring-boot-starter-security-2.7.11.jar:/home/madd47emz/.m2/repository/org/springframework/security/spring-security-config/5.7.8/spring-security-config-5.7.8.jar:/home/madd47emz/.m2/repository/org/springframework/security/spring-security-web/5.7.8/spring-security-web-5.7.8.jar:"/>
    <property name="java.vm.vendor" value="Private Build"/>
    <property name="sun.arch.data.model" value="64"/>
    <property name="java.vendor.url" value="Unknown"/>
    <property name="os.name" value="Linux"/>
    <property name="java.vm.specification.version" value="17"/>
    <property name="sun.java.launcher" value="SUN_STANDARD"/>
    <property name="user.country" value="US"/>
    <property name="sun.boot.library.path" value="/usr/lib/jvm/java-17-openjdk-amd64/lib"/>
    <property name="sun.java.command" value="/home/madd47emz/wathaequi/ms-notification/target/surefire/surefirebooter12920581917432706764.jar /home/madd47emz/wathaequi/ms-notification/target/surefire 2024-05-13T12-05-50_435-jvmRun1 surefire1115463200000393098tmp surefire_014703240614803209292tmp"/>
    <property name="jdk.debug" value="release"/>
    <property name="surefire.test.class.path" value="/home/madd47emz/wathaequi/ms-notification/target/test-classes:/home/madd47emz/wathaequi/ms-notification/target/classes:/home/madd47emz/.m2/repository/org/springframework/boot/spring-boot-starter-actuator/2.7.11/spring-boot-starter-actuator-2.7.11.jar:/home/madd47emz/.m2/repository/org/springframework/boot/spring-boot-starter/2.7.11/spring-boot-starter-2.7.11.jar:/home/madd47emz/.m2/repository/org/springframework/boot/spring-boot/2.7.11/spring-boot-2.7.11.jar:/home/madd47emz/.m2/repository/org/springframework/boot/spring-boot-autoconfigure/2.7.11/spring-boot-autoconfigure-2.7.11.jar:/home/madd47emz/.m2/repository/org/springframework/boot/spring-boot-starter-logging/2.7.11/spring-boot-starter-logging-2.7.11.jar:/home/madd47emz/.m2/repository/ch/qos/logback/logback-classic/1.2.12/logback-classic-1.2.12.jar:/home/madd47emz/.m2/repository/ch/qos/logback/logback-core/1.2.12/logback-core-1.2.12.jar:/home/madd47emz/.m2/repository/org/apache/logging/log4j/log4j-to-slf4j/2.17.2/log4j-to-slf4j-2.17.2.jar:/home/madd47emz/.m2/repository/org/apache/logging/log4j/log4j-api/2.17.2/log4j-api-2.17.2.jar:/home/madd47emz/.m2/repository/org/slf4j/jul-to-slf4j/1.7.36/jul-to-slf4j-1.7.36.jar:/home/madd47emz/.m2/repository/jakarta/annotation/jakarta.annotation-api/1.3.5/jakarta.annotation-api-1.3.5.jar:/home/madd47emz/.m2/repository/org/yaml/snakeyaml/1.30/snakeyaml-1.30.jar:/home/madd47emz/.m2/repository/org/springframework/boot/spring-boot-actuator-autoconfigure/2.7.11/spring-boot-actuator-autoconfigure-2.7.11.jar:/home/madd47emz/.m2/repository/org/springframework/boot/spring-boot-actuator/2.7.11/spring-boot-actuator-2.7.11.jar:/home/madd47emz/.m2/repository/com/fasterxml/jackson/datatype/jackson-datatype-jsr310/2.13.5/jackson-datatype-jsr310-2.13.5.jar:/home/madd47emz/.m2/repository/io/micrometer/micrometer-core/1.9.10/micrometer-core-1.9.10.jar:/home/madd47emz/.m2/repository/org/hdrhistogram/HdrHistogram/2.1.12/HdrHistogram-2.1.12.jar:/home/madd47emz/.m2/repository/org/latencyutils/LatencyUtils/2.0.3/LatencyUtils-2.0.3.jar:/home/madd47emz/.m2/repository/org/springframework/boot/spring-boot-starter-data-rest/2.7.11/spring-boot-starter-data-rest-2.7.11.jar:/home/madd47emz/.m2/repository/org/springframework/data/spring-data-rest-webmvc/3.7.11/spring-data-rest-webmvc-3.7.11.jar:/home/madd47emz/.m2/repository/org/springframework/data/spring-data-rest-core/3.7.11/spring-data-rest-core-3.7.11.jar:/home/madd47emz/.m2/repository/org/springframework/hateoas/spring-hateoas/1.5.4/spring-hateoas-1.5.4.jar:/home/madd47emz/.m2/repository/org/springframework/plugin/spring-plugin-core/2.0.0.RELEASE/spring-plugin-core-2.0.0.RELEASE.jar:/home/madd47emz/.m2/repository/org/atteo/evo-inflector/1.3/evo-inflector-1.3.jar:/home/madd47emz/.m2/repository/org/slf4j/slf4j-api/1.7.36/slf4j-api-1.7.36.jar:/home/madd47emz/.m2/repository/org/springframework/boot/spring-boot-starter-web/2.7.11/spring-boot-starter-web-2.7.11.jar:/home/madd47emz/.m2/repository/org/springframework/boot/spring-boot-starter-json/2.7.11/spring-boot-starter-json-2.7.11.jar:/home/madd47emz/.m2/repository/com/fasterxml/jackson/datatype/jackson-datatype-jdk8/2.13.5/jackson-datatype-jdk8-2.13.5.jar:/home/madd47emz/.m2/repository/com/fasterxml/jackson/module/jackson-module-parameter-names/2.13.5/jackson-module-parameter-names-2.13.5.jar:/home/madd47emz/.m2/repository/org/springframework/boot/spring-boot-starter-tomcat/2.7.11/spring-boot-starter-tomcat-2.7.11.jar:/home/madd47emz/.m2/repository/org/apache/tomcat/embed/tomcat-embed-core/9.0.74/tomcat-embed-core-9.0.74.jar:/home/madd47emz/.m2/repository/org/apache/tomcat/embed/tomcat-embed-el/9.0.74/tomcat-embed-el-9.0.74.jar:/home/madd47emz/.m2/repository/org/apache/tomcat/embed/tomcat-embed-websocket/9.0.74/tomcat-embed-websocket-9.0.74.jar:/home/madd47emz/.m2/repository/org/springframework/spring-web/5.3.27/spring-web-5.3.27.jar:/home/madd47emz/.m2/repository/org/springframework/spring-webmvc/5.3.27/spring-webmvc-5.3.27.jar:/home/madd47emz/.m2/repository/org/springframework/cloud/spring-cloud-starter-config/3.1.6/spring-cloud-starter-config-3.1.6.jar:/home/madd47emz/.m2/repository/org/springframework/cloud/spring-cloud-starter/3.1.6/spring-cloud-starter-3.1.6.jar:/home/madd47emz/.m2/repository/org/springframework/cloud/spring-cloud-context/3.1.6/spring-cloud-context-3.1.6.jar:/home/madd47emz/.m2/repository/org/springframework/security/spring-security-rsa/1.0.11.RELEASE/spring-security-rsa-1.0.11.RELEASE.jar:/home/madd47emz/.m2/repository/org/bouncycastle/bcpkix-jdk15on/1.69/bcpkix-jdk15on-1.69.jar:/home/madd47emz/.m2/repository/org/bouncycastle/bcprov-jdk15on/1.69/bcprov-jdk15on-1.69.jar:/home/madd47emz/.m2/repository/org/bouncycastle/bcutil-jdk15on/1.69/bcutil-jdk15on-1.69.jar:/home/madd47emz/.m2/repository/org/springframework/cloud/spring-cloud-config-client/3.1.6/spring-cloud-config-client-3.1.6.jar:/home/madd47emz/.m2/repository/com/fasterxml/jackson/core/jackson-databind/2.13.5/jackson-databind-2.13.5.jar:/home/madd47emz/.m2/repository/org/springframework/cloud/spring-cloud-starter-loadbalancer/3.1.6/spring-cloud-starter-loadbalancer-3.1.6.jar:/home/madd47emz/.m2/repository/org/springframework/cloud/spring-cloud-loadbalancer/3.1.6/spring-cloud-loadbalancer-3.1.6.jar:/home/madd47emz/.m2/repository/io/projectreactor/addons/reactor-extra/3.4.10/reactor-extra-3.4.10.jar:/home/madd47emz/.m2/repository/org/springframework/boot/spring-boot-starter-cache/2.7.11/spring-boot-starter-cache-2.7.11.jar:/home/madd47emz/.m2/repository/org/springframework/spring-context-support/5.3.27/spring-context-support-5.3.27.jar:/home/madd47emz/.m2/repository/com/stoyanr/evictor/1.0.0/evictor-1.0.0.jar:/home/madd47emz/.m2/repository/org/springframework/cloud/spring-cloud-starter-openfeign/3.1.6/spring-cloud-starter-openfeign-3.1.6.jar:/home/madd47emz/.m2/repository/org/springframework/cloud/spring-cloud-openfeign-core/3.1.6/spring-cloud-openfeign-core-3.1.6.jar:/home/madd47emz/.m2/repository/io/github/openfeign/form/feign-form-spring/3.8.0/feign-form-spring-3.8.0.jar:/home/madd47emz/.m2/repository/io/github/openfeign/form/feign-form/3.8.0/feign-form-3.8.0.jar:/home/madd47emz/.m2/repository/commons-fileupload/commons-fileupload/1.4/commons-fileupload-1.4.jar:/home/madd47emz/.m2/repository/org/springframework/cloud/spring-cloud-commons/3.1.6/spring-cloud-commons-3.1.6.jar:/home/madd47emz/.m2/repository/io/github/openfeign/feign-core/11.10/feign-core-11.10.jar:/home/madd47emz/.m2/repository/io/github/openfeign/feign-slf4j/11.10/feign-slf4j-11.10.jar:/home/madd47emz/.m2/repository/org/springframework/security/spring-security-core/5.7.8/spring-security-core-5.7.8.jar:/home/madd47emz/.m2/repository/org/springframework/security/spring-security-crypto/5.7.8/spring-security-crypto-5.7.8.jar:/home/madd47emz/.m2/repository/org/springframework/spring-aop/5.3.27/spring-aop-5.3.27.jar:/home/madd47emz/.m2/repository/org/springframework/spring-beans/5.3.27/spring-beans-5.3.27.jar:/home/madd47emz/.m2/repository/org/springframework/spring-context/5.3.27/spring-context-5.3.27.jar:/home/madd47emz/.m2/repository/org/springframework/spring-core/5.3.27/spring-core-5.3.27.jar:/home/madd47emz/.m2/repository/org/springframework/spring-jcl/5.3.27/spring-jcl-5.3.27.jar:/home/madd47emz/.m2/repository/org/springframework/spring-expression/5.3.27/spring-expression-5.3.27.jar:/home/madd47emz/.m2/repository/org/springframework/cloud/spring-cloud-starter-netflix-eureka-client/3.1.5/spring-cloud-starter-netflix-eureka-client-3.1.5.jar:/home/madd47emz/.m2/repository/org/springframework/cloud/spring-cloud-netflix-eureka-client/3.1.5/spring-cloud-netflix-eureka-client-3.1.5.jar:/home/madd47emz/.m2/repository/com/netflix/eureka/eureka-client/1.10.17/eureka-client-1.10.17.jar:/home/madd47emz/.m2/repository/com/netflix/netflix-commons/netflix-eventbus/0.3.0/netflix-eventbus-0.3.0.jar:/home/madd47emz/.m2/repository/com/netflix/netflix-commons/netflix-infix/0.3.0/netflix-infix-0.3.0.jar:/home/madd47emz/.m2/repository/commons-jxpath/commons-jxpath/1.3/commons-jxpath-1.3.jar:/home/madd47emz/.m2/repository/org/antlr/antlr-runtime/3.4/antlr-runtime-3.4.jar:/home/madd47emz/.m2/repository/org/antlr/stringtemplate/3.2.1/stringtemplate-3.2.1.jar:/home/madd47emz/.m2/repository/com/google/code/gson/gson/2.9.1/gson-2.9.1.jar:/home/madd47emz/.m2/repository/org/apache/commons/commons-math/2.2/commons-math-2.2.jar:/home/madd47emz/.m2/repository/com/thoughtworks/xstream/xstream/1.4.18/xstream-1.4.18.jar:/home/madd47emz/.m2/repository/io/github/x-stream/mxparser/1.2.2/mxparser-1.2.2.jar:/home/madd47emz/.m2/repository/xmlpull/xmlpull/1.1.3.1/xmlpull-1.1.3.1.jar:/home/madd47emz/.m2/repository/javax/ws/rs/jsr311-api/1.1.1/jsr311-api-1.1.1.jar:/home/madd47emz/.m2/repository/com/netflix/servo/servo-core/0.12.21/servo-core-0.12.21.jar:/home/madd47emz/.m2/repository/commons-configuration/commons-configuration/1.10/commons-configuration-1.10.jar:/home/madd47emz/.m2/repository/commons-lang/commons-lang/2.6/commons-lang-2.6.jar:/home/madd47emz/.m2/repository/com/google/inject/guice/4.1.0/guice-4.1.0.jar:/home/madd47emz/.m2/repository/javax/inject/javax.inject/1/javax.inject-1.jar:/home/madd47emz/.m2/repository/org/codehaus/jettison/jettison/1.4.0/jettison-1.4.0.jar:/home/madd47emz/.m2/repository/com/netflix/eureka/eureka-core/1.10.17/eureka-core-1.10.17.jar:/home/madd47emz/.m2/repository/com/fasterxml/woodstox/woodstox-core/6.2.1/woodstox-core-6.2.1.jar:/home/madd47emz/.m2/repository/org/codehaus/woodstox/stax2-api/4.2.1/stax2-api-4.2.1.jar:/home/madd47emz/.m2/repository/io/jsonwebtoken/jjwt/0.9.1/jjwt-0.9.1.jar:/home/madd47emz/.m2/repository/org/springframework/spring-webflux/5.3.27/spring-webflux-5.3.27.jar:/home/madd47emz/.m2/repository/io/projectreactor/reactor-core/3.4.29/reactor-core-3.4.29.jar:/home/madd47emz/.m2/repository/org/reactivestreams/reactive-streams/1.0.4/reactive-streams-1.0.4.jar:/home/madd47emz/.m2/repository/com/twilio/sdk/twilio/7.20.0/twilio-7.20.0.jar:/home/madd47emz/.m2/repository/com/google/guava/guava/18.0/guava-18.0.jar:/home/madd47emz/.m2/repository/joda-time/joda-time/2.5/joda-time-2.5.jar:/home/madd47emz/.m2/repository/org/apache/httpcomponents/httpclient/4.5.14/httpclient-4.5.14.jar:/home/madd47emz/.m2/repository/commons-codec/commons-codec/1.15/commons-codec-1.15.jar:/home/madd47emz/.m2/repository/org/apache/httpcomponents/httpcore/4.4.16/httpcore-4.4.16.jar:/home/madd47emz/.m2/repository/com/fasterxml/jackson/core/jackson-core/2.13.5/jackson-core-2.13.5.jar:/home/madd47emz/.m2/repository/com/fasterxml/jackson/core/jackson-annotations/2.13.5/jackson-annotations-2.13.5.jar:/home/madd47emz/.m2/repository/javax/xml/bind/jaxb-api/2.3.1/jaxb-api-2.3.1.jar:/home/madd47emz/.m2/repository/javax/activation/javax.activation-api/1.2.0/javax.activation-api-1.2.0.jar:/home/madd47emz/.m2/repository/com/mysql/mysql-connector-j/8.0.33/mysql-connector-j-8.0.33.jar:/home/madd47emz/.m2/repository/org/projectlombok/lombok/1.18.26/lombok-1.18.26.jar:/home/madd47emz/.m2/repository/com/h2database/h2/2.1.214/h2-2.1.214.jar:/home/madd47emz/.m2/repository/org/springframework/boot/spring-boot-starter-test/2.7.11/spring-boot-starter-test-2.7.11.jar:/home/madd47emz/.m2/repository/org/springframework/boot/spring-boot-test/2.7.11/spring-boot-test-2.7.11.jar:/home/madd47emz/.m2/repository/org/springframework/boot/spring-boot-test-autoconfigure/2.7.11/spring-boot-test-autoconfigure-2.7.11.jar:/home/madd47emz/.m2/repository/com/jayway/jsonpath/json-path/2.7.0/json-path-2.7.0.jar:/home/madd47emz/.m2/repository/net/minidev/json-smart/2.4.10/json-smart-2.4.10.jar:/home/madd47emz/.m2/repository/net/minidev/accessors-smart/2.4.9/accessors-smart-2.4.9.jar:/home/madd47emz/.m2/repository/org/ow2/asm/asm/9.3/asm-9.3.jar:/home/madd47emz/.m2/repository/jakarta/xml/bind/jakarta.xml.bind-api/2.3.3/jakarta.xml.bind-api-2.3.3.jar:/home/madd47emz/.m2/repository/jakarta/activation/jakarta.activation-api/1.2.2/jakarta.activation-api-1.2.2.jar:/home/madd47emz/.m2/repository/org/assertj/assertj-core/3.22.0/assertj-core-3.22.0.jar:/home/madd47emz/.m2/repository/org/hamcrest/hamcrest/2.2/hamcrest-2.2.jar:/home/madd47emz/.m2/repository/org/junit/jupiter/junit-jupiter/5.8.2/junit-jupiter-5.8.2.jar:/home/madd47emz/.m2/repository/org/junit/jupiter/junit-jupiter-api/5.8.2/junit-jupiter-api-5.8.2.jar:/home/madd47emz/.m2/repository/org/opentest4j/opentest4j/1.2.0/opentest4j-1.2.0.jar:/home/madd47emz/.m2/repository/org/junit/platform/junit-platform-commons/1.8.2/junit-platform-commons-1.8.2.jar:/home/madd47emz/.m2/repository/org/apiguardian/apiguardian-api/1.1.2/apiguardian-api-1.1.2.jar:/home/madd47emz/.m2/repository/org/junit/jupiter/junit-jupiter-params/5.8.2/junit-jupiter-params-5.8.2.jar:/home/madd47emz/.m2/repository/org/junit/jupiter/junit-jupiter-engine/5.8.2/junit-jupiter-engine-5.8.2.jar:/home/madd47emz/.m2/repository/org/junit/platform/junit-platform-engine/1.8.2/junit-platform-engine-1.8.2.jar:/home/madd47emz/.m2/repository/org/mockito/mockito-core/4.5.1/mockito-core-4.5.1.jar:/home/madd47emz/.m2/repository/net/bytebuddy/byte-buddy/1.12.23/byte-buddy-1.12.23.jar:/home/madd47emz/.m2/repository/net/bytebuddy/byte-buddy-agent/1.12.23/byte-buddy-agent-1.12.23.jar:/home/madd47emz/.m2/repository/org/objenesis/objenesis/3.2/objenesis-3.2.jar:/home/madd47emz/.m2/repository/org/mockito/mockito-junit-jupiter/4.5.1/mockito-junit-jupiter-4.5.1.jar:/home/madd47emz/.m2/repository/org/skyscreamer/jsonassert/1.5.1/jsonassert-1.5.1.jar:/home/madd47emz/.m2/repository/com/vaadin/external/google/android-json/0.0.20131108.vaadin1/android-json-0.0.20131108.vaadin1.jar:/home/madd47emz/.m2/repository/org/springframework/spring-test/5.3.27/spring-test-5.3.27.jar:/home/madd47emz/.m2/repository/org/xmlunit/xmlunit-core/2.9.1/xmlunit-core-2.9.1.jar:/home/madd47emz/.m2/repository/org/springframework/boot/spring-boot-starter-data-jpa/2.7.11/spring-boot-starter-data-jpa-2.7.11.jar:/home/madd47emz/.m2/repository/org/springframework/boot/spring-boot-starter-aop/2.7.11/spring-boot-starter-aop-2.7.11.jar:/home/madd47emz/.m2/repository/org/aspectj/aspectjweaver/1.9.7/aspectjweaver-1.9.7.jar:/home/madd47emz/.m2/repository/org/springframework/boot/spring-boot-starter-jdbc/2.7.11/spring-boot-starter-jdbc-2.7.11.jar:/home/madd47emz/.m2/repository/com/zaxxer/HikariCP/4.0.3/HikariCP-4.0.3.jar:/home/madd47emz/.m2/repository/org/springframework/spring-jdbc/5.3.27/spring-jdbc-5.3.27.jar:/home/madd47emz/.m2/repository/jakarta/transaction/jakarta.transaction-api/1.3.3/jakarta.transaction-api-1.3.3.jar:/home/madd47emz/.m2/repository/jakarta/persistence/jakarta.persistence-api/2.2.3/jakarta.persistence-api-2.2.3.jar:/home/madd47emz/.m2/repository/org/hibernate/hibernate-core/5.6.15.Final/hibernate-core-5.6.15.Final.jar:/home/madd47emz/.m2/repository/org/jboss/logging/jboss-logging/3.4.3.Final/jboss-logging-3.4.3.Final.jar:/home/madd47emz/.m2/repository/antlr/antlr/2.7.7/antlr-2.7.7.jar:/home/madd47emz/.m2/repository/org/jboss/jandex/2.4.2.Final/jandex-2.4.2.Final.jar:/home/madd47emz/.m2/repository/com/fasterxml/classmate/1.5.1/classmate-1.5.1.jar:/home/madd47emz/.m2/repository/org/hibernate/common/hibernate-commons-annotations/5.1.2.Final/hibernate-commons-annotations-5.1.2.Final.jar:/home/madd47emz/.m2/repository/org/glassfish/jaxb/jaxb-runtime/2.3.8/jaxb-runtime-2.3.8.jar:/home/madd47emz/.m2/repository/org/glassfish/jaxb/txw2/2.3.8/txw2-2.3.8.jar:/home/madd47emz/.m2/repository/com/sun/istack/istack-commons-runtime/3.0.12/istack-commons-runtime-3.0.12.jar:/home/madd47emz/.m2/repository/com/sun/activation/jakarta.activation/1.2.2/jakarta.activation-1.2.2.jar:/home/madd47emz/.m2/repository/org/springframework/data/spring-data-jpa/2.7.11/spring-data-jpa-2.7.11.jar:/home/madd47emz/.m2/repository/org/springframework/data/spring-data-commons/2.7.11/spring-data-commons-2.7.11.jar:/home/madd47emz/.m2/repository/org/springframework/spring-orm/5.3.27/spring-orm-5.3.27.jar:/home/madd47emz/.m2/repository/org/springframework/spring-tx/5.3.27/spring-tx-5.3.27.jar:/home/madd47emz/.m2/repository/org/springframework/spring-aspects/5.3.27/spring-aspects-5.3.27.jar:/home/madd47emz/.m2/repository/org/springframework/boot/spring-boot-starter-security/2.7.11/spring-boot-starter-security-2.7.11.jar:/home/madd47emz/.m2/repository/org/springframework/security/spring-security-config/5.7.8/spring-security-config-5.7.8.jar:/home/madd47emz/.m2/repository/org/springframework/security/spring-security-web/5.7.8/spring-security-web-5.7.8.jar:"/>
    <property name="sun.cpu.endian" value="little"/>
    <property name="user.home" value="/home/madd47emz"/>
    <property name="user.language" value="en"/>
    <property name="java.specification.vendor" value="Oracle Corporation"/>
    <property name="java.version.date" value="2024-01-16"/>
    <property name="java.home" value="/usr/lib/jvm/java-17-openjdk-amd64"/>
    <property name="file.separator" value="/"/>
    <property name="basedir" value="/home/madd47emz/wathaequi/ms-notification"/>
    <property name="java.vm.compressedOopsMode" value="32-bit"/>
    <property name="line.separator" value="&#10;"/>
    <property name="java.vm.specification.vendor" value="Oracle Corporation"/>
    <property name="java.specification.name" value="Java Platform API Specification"/>
    <property name="surefire.real.class.path" value="/home/madd47emz/wathaequi/ms-notification/target/surefire/surefirebooter12920581917432706764.jar"/>
    <property name="sun.management.compiler" value="HotSpot 64-Bit Tiered Compilers"/>
    <property name="java.runtime.version" value="17.0.10+7-Ubuntu-123.10.1"/>
    <property name="user.name" value="madd47emz"/>
    <property name="path.separator" value=":"/>
    <property name="os.version" value="6.5.0-28-generic"/>
    <property name="java.runtime.name" value="OpenJDK Runtime Environment"/>
    <property name="file.encoding" value="UTF-8"/>
    <property name="java.vm.name" value="OpenJDK 64-Bit Server VM"/>
    <property name="localRepository" value="/home/madd47emz/.m2/repository"/>
    <property name="java.vendor.url.bug" value="Unknown"/>
    <property name="java.io.tmpdir" value="/tmp"/>
    <property name="idea.version" value="2024.1.1"/>
    <property name="java.version" value="17.0.10"/>
    <property name="user.dir" value="/home/madd47emz/wathaequi/ms-notification"/>
    <property name="os.arch" value="amd64"/>
    <property name="java.vm.specification.name" value="Java Virtual Machine Specification"/>
    <property name="native.encoding" value="UTF-8"/>
    <property name="java.library.path" value="/usr/java/packages/lib:/usr/lib/x86_64-linux-gnu/jni:/lib/x86_64-linux-gnu:/usr/lib/x86_64-linux-gnu:/usr/lib/jni:/lib:/usr/lib"/>
    <property name="java.vm.info" value="mixed mode, sharing"/>
    <property name="java.vendor" value="Private Build"/>
    <property name="java.vm.version" value="17.0.10+7-Ubuntu-123.10.1"/>
    <property name="sun.io.unicode.encoding" value="UnicodeLittle"/>
    <property name="java.class.version" value="61.0"/>
  </properties>
  <testcase name="contextLoads" classname="com.example.msnotification.MsNotificationApplicationTests" time="0.199"/>
</testsuite>